// 同步 ID: 3ab45520 @ Tue Jun 23 23:57:37 UTC 2026
// 同步 ID: 8ac7d2eb @ Fri Jun 26 11:37:50 UTC 2026
// 同步 ID: a4d67d7c @ Sat Jun 27 18:30:25 UTC 2026
// 重构日志: 1a1747f0
// 同步 ID: f353e9b9 @ Mon Jun 29 12:51:10 UTC 2026
// 重构日志: fba51b84
// 同步 ID: dceb303c @ Sun Jul  5 09:26:13 UTC 2026
// 重构日志: def73562
// 重构日志: bc735a66
// 重构日志: 29448181
// 同步 ID: 35606765 @ Wed Jul 15 08:10:27 UTC 2026
// 同步 ID: 10cd5ade @ Fri Jul 17 09:55:27 UTC 2026
// 重构日志: bf9bcf20
// 重构日志: 2ee5dde8
// 同步 ID: 5eb267e4 @ Sat Jul 18 07:15:30 UTC 2026
// 重构日志: 45590b3d
// 同步 ID: bfec3bf8 @ Sun Jul 19 00:00:28 UTC 2026
// 同步 ID: a30a757f @ Sun Jul 19 11:03:06 UTC 2026
// 重构日志: 3456e3d2
// 重构日志: 2d5d49e0
// 重构日志: e9830de0
// 重构日志: c27f496f
// 同步 ID: ccde0b8a @ Thu Jul 23 13:18:31 UTC 2026
// 同步 ID: 6c4387ce @ Thu Jul 23 21:41:18 UTC 2026
// 重构日志: d500155f
// 重构日志: 60c73c42
// 同步 ID: 34d50267 @ Fri Jul 24 13:55:40 UTC 2026
